  WinAPI_3D.cpp
  mainGame.cpp
c:\users\5_kga_4\desktop\개인포폴\algorithm\algoritm\winapi_3d_2\winapi_3d\maingame.cpp(154): warning C4244: '인수': 'LONG'에서 'float'(으)로 변환하면서 데이터가 손실될 수 있습니다.
c:\users\5_kga_4\desktop\개인포폴\algorithm\algoritm\winapi_3d_2\winapi_3d\maingame.cpp(224): warning C4244: '인수': 'LONG'에서 'float'(으)로 변환하면서 데이터가 손실될 수 있습니다.
c:\users\5_kga_4\desktop\개인포폴\algorithm\algoritm\winapi_3d_2\winapi_3d\maingame.cpp(266): warning C4244: '인수': 'float'에서 'int'(으)로 변환하면서 데이터가 손실될 수 있습니다.
c:\users\5_kga_4\desktop\개인포폴\algorithm\algoritm\winapi_3d_2\winapi_3d\maingame.cpp(267): warning C4244: '인수': 'float'에서 'int'(으)로 변환하면서 데이터가 손실될 수 있습니다.
c:\users\5_kga_4\desktop\개인포폴\algorithm\algoritm\winapi_3d_2\winapi_3d\maingame.cpp(268): warning C4244: '인수': 'float'에서 'int'(으)로 변환하면서 데이터가 손실될 수 있습니다.
c:\users\5_kga_4\desktop\개인포폴\algorithm\algoritm\winapi_3d_2\winapi_3d\maingame.cpp(269): warning C4244: '인수': 'float'에서 'int'(으)로 변환하면서 데이터가 손실될 수 있습니다.
c:\users\5_kga_4\desktop\개인포폴\algorithm\algoritm\winapi_3d_2\winapi_3d\maingame.cpp(273): warning C4267: '인수': 'size_t'에서 'int'(으)로 변환하면서 데이터가 손실될 수 있습니다.
c:\users\5_kga_4\desktop\개인포폴\algorithm\algoritm\winapi_3d_2\winapi_3d\maingame.cpp(273): warning C4244: '인수': 'float'에서 'int'(으)로 변환하면서 데이터가 손실될 수 있습니다.
c:\users\5_kga_4\desktop\개인포폴\algorithm\algoritm\winapi_3d_2\winapi_3d\maingame.cpp(276): warning C4267: '인수': 'size_t'에서 'int'(으)로 변환하면서 데이터가 손실될 수 있습니다.
c:\users\5_kga_4\desktop\개인포폴\algorithm\algoritm\winapi_3d_2\winapi_3d\maingame.cpp(276): warning C4244: '인수': 'float'에서 'int'(으)로 변환하면서 데이터가 손실될 수 있습니다.
c:\users\5_kga_4\desktop\개인포폴\algorithm\algoritm\winapi_3d_2\winapi_3d\maingame.cpp(279): warning C4267: '인수': 'size_t'에서 'int'(으)로 변환하면서 데이터가 손실될 수 있습니다.
c:\users\5_kga_4\desktop\개인포폴\algorithm\algoritm\winapi_3d_2\winapi_3d\maingame.cpp(279): warning C4244: '인수': 'float'에서 'int'(으)로 변환하면서 데이터가 손실될 수 있습니다.
c:\users\5_kga_4\desktop\개인포폴\algorithm\algoritm\winapi_3d_2\winapi_3d\maingame.cpp(337): warning C4244: '인수': 'float'에서 'int'(으)로 변환하면서 데이터가 손실될 수 있습니다.
c:\users\5_kga_4\desktop\개인포폴\algorithm\algoritm\winapi_3d_2\winapi_3d\maingame.cpp(338): warning C4244: '인수': 'float'에서 'int'(으)로 변환하면서 데이터가 손실될 수 있습니다.
c:\users\5_kga_4\desktop\개인포폴\algorithm\algoritm\winapi_3d_2\winapi_3d\maingame.cpp(345): warning C4244: '인수': 'float'에서 'int'(으)로 변환하면서 데이터가 손실될 수 있습니다.
  matrix.cpp
c:\users\5_kga_4\desktop\개인포폴\algorithm\algoritm\winapi_3d_2\winapi_3d\matrix.cpp(72): warning C4244: '=': 'int'에서 'float'(으)로 변환하면서 데이터가 손실될 수 있습니다.
  vector3.cpp
  코드를 생성하고 있습니다...
  WinAPI_3D.vcxproj -> C:\Users\5_KGA_4\Desktop\개인포폴\Algorithm\Algoritm\WinAPI_3D_2\x64\Debug\WinAPI_3D.exe
